<?xml version="1.0" encoding="UTF-8"?>
<!-- Generated by org.testng.reporters.JUnitReportReporter -->
<testsuite hostname="HP-PC" failures="0" tests="2" name="Framework.E2E.homeLogin" time="37.041" errors="0" timestamp="2020-09-23T08:03:32 IST" skipped="0">
  <testcase classname="Framework.E2E.homeLogin" name="Page" time="7.776"/>
  <system-out/>
  <testcase classname="Framework.E2E.homeLogin" name="Page" time="29.265"/>
  <system-out/>
</testsuite> <!-- Framework.E2E.homeLogin -->
