<?xml version="1.0" encoding="UTF-8"?>
<!-- Generated by org.testng.reporters.JUnitReportReporter -->
<testsuite hostname="HP-PC" failures="0" tests="1" name="Framework.E2E.validateTitle" time="72.316" errors="0" timestamp="2020-09-23T07:51:20 IST" skipped="0">
  <testcase classname="Framework.E2E.validateTitle" name="getTitle" time="72.316"/>
  <system-out/>
</testsuite> <!-- Framework.E2E.validateTitle -->
