<?xml version="1.0" encoding="UTF-8"?>
<!-- Generated by org.testng.reporters.JUnitReportReporter -->
<testsuite hostname="HP-PC" failures="0" tests="1" name="Classes.ExtentReports.ExtentReports1" time="33.224" errors="0" timestamp="2020-09-03T19:12:41 IST" skipped="0">
  <testcase classname="Classes.ExtentReports.ExtentReports1" name="demo1" time="33.224"/>
  <system-out/>
</testsuite> <!-- Classes.ExtentReports.ExtentReports1 -->
